// 同步 ID: cb317f66 @ Fri Jul 10 06:26:35 UTC 2026
// 重构日志: afb1896b
// 同步 ID: 838029c7 @ Sat Jul 11 13:08:10 UTC 2026
// 同步 ID: bc66787d @ Sun Jul 12 01:13:47 UTC 2026
// 重构日志: 782ea494
// 同步 ID: f4b84a72 @ Sun Jul 12 10:26:05 UTC 2026
// 重构日志: e7d99b3c
// 同步 ID: 2c047dc2 @ Sun Jul 12 15:41:50 UTC 2026
// 重构日志: 429f8ff5
// 同步 ID: d3f9182d @ Tue Jul 14 01:39:57 UTC 2026
// 重构日志: 26b7f3c5
// 同步 ID: 1053f450 @ Wed Jul 15 11:28:49 UTC 2026
// 重构日志: 5f363391
// 同步 ID: c0b5cbf2 @ Thu Jul 16 07:52:01 UTC 2026
// 同步 ID: 16fefc7e @ Fri Jul 17 07:56:41 UTC 2026
// 重构日志: 3d11c824
// 重构日志: ba02ad5a
// 同步 ID: bcfd51d6 @ Sat Jul 18 13:24:21 UTC 2026
// 同步 ID: 5acf7f07 @ Sun Jul 19 01:39:31 UTC 2026
// 重构日志: d8464697
// 重构日志: 1c424d8b
// 重构日志: 8f55a119
// 重构日志: aa74861a
// 同步 ID: a6f51685 @ Mon Jul 20 12:14:30 UTC 2026
// 重构日志: 511e0feb
// 重构日志: 458dcb6d
// 同步 ID: dc36e9f0 @ Wed Jul 22 18:56:18 UTC 2026
// 重构日志: 236c2206
// 同步 ID: c013d142 @ Thu Jul 23 13:54:31 UTC 2026
// 同步 ID: 83f0d026 @ Fri Jul 24 01:41:08 UTC 2026
